<?xml version="1.0" encoding="UTF-8"?>
<testsuite xmlns:xsi="http://www.w3.org/2001/XMLSchema-instance" xsi:noNamespaceSchemaLocation="https://maven.apache.org/surefire/maven-surefire-plugin/xsd/surefire-test-report-3.0.xsd" version="3.0" name="io.github.magj.clickhouselocaljdbc.ClickHouseLocalResultSetMetaDataTest" time="0.051" tests="27" errors="0" skipped="0" failures="0">
  <properties>
[...]
</properties>
  <testcase name="getColumnTypeName" classname="io.github.magj.clickhouselocaljdbc.ClickHouseLocalResultSetMetaDataTest" time="0.0"/>
  <testcase name="isNullable_nullable" classname="io.github.magj.clickhouselocaljdbc.ClickHouseLocalResultSetMetaDataTest" time="0.007"/>
  <testcase name="typeMapping_Int16" classname="io.github.magj.clickhouselocaljdbc.ClickHouseLocalResultSetMetaDataTest" time="0.001"/>
  <testcase name="typeMapping_Int32" classname="io.github.magj.clickhouselocaljdbc.ClickHouseLocalResultSetMetaDataTest" time="0.001"/>
  <testcase name="typeMapping_Int64" classname="io.github.magj.clickhouselocaljdbc.ClickHouseLocalResultSetMetaDataTest" time="0.0"/>
  <testcase name="typeMapping_UInt8" classname="io.github.magj.clickhouselocaljdbc.ClickHouseLocalResultSetMetaDataTest" time="0.0"/>
  <testcase name="getColumnCount" classname="io.github.magj.clickhouselocaljdbc.ClickHouseLocalResultSetMetaDataTest" time="0.001"/>
  <testcase name="getColumnLabel" classname="io.github.magj.clickhouselocaljdbc.ClickHouseLocalResultSetMetaDataTest" time="0.001"/>
  <testcase name="isNullable_nonNullable" classname="io.github.magj.clickhouselocaljdbc.ClickHouseLocalResultSetMetaDataTest" time="0.001"/>
  <testcase name="getPrecision" classname="io.github.magj.clickhouselocaljdbc.ClickHouseLocalResultSetMetaDataTest" time="0.003"/>
  <testcase name="typeMapping_FixedString" classname="io.github.magj.clickhouselocaljdbc.ClickHouseLocalResultSetMetaDataTest" time="0.0"/>
  <testcase name="typeMapping_DateTime" classname="io.github.magj.clickhouselocaljdbc.ClickHouseLocalResultSetMetaDataTest" time="0.001"/>
  <testcase name="typeMapping_String" classname="io.github.magj.clickhouselocaljdbc.ClickHouseLocalResultSetMetaDataTest" time="0.001"/>
  <testcase name="typeMapping_UInt16" classname="io.github.magj.clickhouselocaljdbc.ClickHouseLocalResultSetMetaDataTest" time="0.0"/>
  <testcase name="typeMapping_UInt32" classname="io.github.magj.clickhouselocaljdbc.ClickHouseLocalResultSetMetaDataTest" time="0.0"/>
  <testcase name="typeMapping_UInt64" classname="io.github.magj.clickhouselocaljdbc.ClickHouseLocalResultSetMetaDataTest" time="0.001"/>
  <testcase name="typeMapping_NullableInt32" classname="io.github.magj.clickhouselocaljdbc.ClickHouseLocalResultSetMetaDataTest" time="0.001"/>
  <testcase name="typeMapping_Date" classname="io.github.magj.clickhouselocaljdbc.ClickHouseLocalResultSetMetaDataTest" time="0.0"/>
  <testcase name="typeMapping_Int8" classname="io.github.magj.clickhouselocaljdbc.ClickHouseLocalResultSetMetaDataTest" time="0.0"/>
  <testcase name="typeMapping_UUID" classname="io.github.magj.clickhouselocaljdbc.ClickHouseLocalResultSetMetaDataTest" time="0.0"/>
  <testcase name="typeMapping_DateTime64" classname="io.github.magj.clickhouselocaljdbc.ClickHouseLocalResultSetMetaDataTest" time="0.0"/>
  <testcase name="typeMapping_Float32" classname="io.github.magj.clickhouselocaljdbc.ClickHouseLocalResultSetMetaDataTest" time="0.0"/>
  <testcase name="typeMapping_Float64" classname="io.github.magj.clickhouselocaljdbc.ClickHouseLocalResultSetMetaDataTest" time="0.0"/>
  <testcase name="typeMapping_NullableString" classname="io.github.magj.clickhouselocaljdbc.ClickHouseLocalResultSetMetaDataTest" time="0.0"/>
  <testcase name="typeMapping_Unknown" classname="io.github.magj.clickhouselocaljdbc.ClickHouseLocalResultSetMetaDataTest" time="0.0"/>
  <testcase name="getColumnName" classname="io.github.magj.clickhouselocaljdbc.ClickHouseLocalResultSetMetaDataTest" time="0.0"/>
  <testcase name="getScale" classname="io.github.magj.clickhouselocaljdbc.ClickHouseLocalResultSetMetaDataTest" time="0.0"/>
</testsuite>